<?xml version="1.0" encoding="UTF-8"?>
<coverage generated="1675384976301" clover="3.2.0">
  <project timestamp="1675384976301" name="All files">
    <metrics statements="14" coveredstatements="14" conditionals="5" coveredconditionals="5" methods="4" coveredmethods="4" elements="23" coveredelements="23" complexity="0" loc="14" ncloc="14" packages="1" files="1" classes="1"/>
    <file name="arriesgarPalabra.ts" path="C:\Users\Usuario\OneDrive\Escritorio\juego-ahoracado_V2\src\arriesgarPalabra.ts">
      <metrics statements="14" coveredstatements="14" conditionals="5" coveredconditionals="5" methods="4" coveredmethods="4"/>
      <line num="3" count="2" type="stmt"/>
      <line num="4" count="4" type="stmt"/>
      <line num="8" count="4" type="stmt"/>
      <line num="11" count="2" type="stmt"/>
      <line num="13" count="4" type="cond" truecount="2" falsecount="0"/>
      <line num="14" count="2" type="stmt"/>
      <line num="16" count="2" type="stmt"/>
      <line num="18" count="4" type="stmt"/>
      <line num="21" count="2" type="stmt"/>
      <line num="22" count="6" type="stmt"/>
      <line num="23" count="6" type="cond" truecount="3" falsecount="0"/>
      <line num="24" count="2" type="stmt"/>
      <line num="26" count="6" type="stmt"/>
      <line num="29" count="2" type="stmt"/>
    </file>
  </project>
</coverage>
