{"C:\\Users\\Usuario\\OneDrive\\Escritorio\\juego-ahoracado_V2\\src\\arriesgarPalabra.ts": {"path":"C:\\Users\\Usuario\\OneDrive\\Escritorio\\juego-ahoracado_V2\\src\\arriesgarPalabra.ts","statementMap":{"0":{"start":{"line":2,"column":12},"end":{"line":2,"column":220}},"1":{"start":{"line":3,"column":0},"end":{"line":3,"column":13}},"2":{"start":{"line":4,"column":8},"end":{"line":4,"column":18}},"3":{"start":{"line":136,"column":4},"end":{"line":146,"column":null}},"4":{"start":{"line":137,"column":8},"end":{"line":137,"column":33}},"5":{"start":{"line":138,"column":8},"end":{"line":138,"column":33}},"6":{"start":{"line":139,"column":8},"end":{"line":139,"column":27}},"7":{"start":{"line":140,"column":8},"end":{"line":140,"column":60}},"8":{"start":{"line":141,"column":8},"end":{"line":141,"column":35}},"9":{"start":{"line":142,"column":8},"end":{"line":142,"column":34}},"10":{"start":{"line":143,"column":8},"end":{"line":143,"column":34}},"11":{"start":{"line":144,"column":8},"end":{"line":144,"column":34}},"12":{"start":{"line":145,"column":8},"end":{"line":145,"column":34}},"13":{"start":{"line":8,"column":12},"end":{"line":8,"column":35}},"14":{"start":{"line":12,"column":5},"end":{"line":29,"column":null}},"15":{"start":{"line":13,"column":8},"end":{"line":28,"column":null}},"16":{"start":{"line":14,"column":12},"end":{"line":18,"column":null}},"17":{"start":{"line":15,"column":16},"end":{"line":15,"column":87}},"18":{"start":{"line":17,"column":16},"end":{"line":17,"column":29}},"19":{"start":{"line":19,"column":14},"end":{"line":25,"column":null}},"20":{"start":{"line":19,"column":27},"end":{"line":19,"column":28}},"21":{"start":{"line":20,"column":16},"end":{"line":24,"column":null}},"22":{"start":{"line":21,"column":20},"end":{"line":21,"column":91}},"23":{"start":{"line":23,"column":18},"end":{"line":23,"column":31}},"24":{"start":{"line":26,"column":14},"end":{"line":26,"column":84}},"25":{"start":{"line":27,"column":15},"end":{"line":27,"column":27}},"26":{"start":{"line":30,"column":4},"end":{"line":46,"column":null}},"27":{"start":{"line":31,"column":22},"end":{"line":31,"column":27}},"28":{"start":{"line":32,"column":8},"end":{"line":42,"column":36}},"29":{"start":{"line":33,"column":12},"end":{"line":40,"column":null}},"30":{"start":{"line":34,"column":14},"end":{"line":34,"column":84}},"31":{"start":{"line":35,"column":16},"end":{"line":35,"column":33}},"32":{"start":{"line":38,"column":16},"end":{"line":38,"column":78}},"33":{"start":{"line":39,"column":16},"end":{"line":39,"column":34}},"34":{"start":{"line":42,"column":14},"end":{"line":42,"column":36}},"35":{"start":{"line":43,"column":8},"end":{"line":43,"column":74}},"36":{"start":{"line":44,"column":8},"end":{"line":44,"column":71}},"37":{"start":{"line":45,"column":8},"end":{"line":45,"column":25}},"38":{"start":{"line":47,"column":4},"end":{"line":49,"column":null}},"39":{"start":{"line":48,"column":8},"end":{"line":48,"column":21}},"40":{"start":{"line":51,"column":4},"end":{"line":55,"column":null}},"41":{"start":{"line":52,"column":28},"end":{"line":52,"column":58}},"42":{"start":{"line":53,"column":8},"end":{"line":53,"column":55}},"43":{"start":{"line":54,"column":8},"end":{"line":54,"column":55}},"44":{"start":{"line":56,"column":4},"end":{"line":59,"column":null}},"45":{"start":{"line":57,"column":8},"end":{"line":57,"column":31}},"46":{"start":{"line":58,"column":8},"end":{"line":58,"column":70}},"47":{"start":{"line":61,"column":4},"end":{"line":68,"column":null}},"48":{"start":{"line":62,"column":8},"end":{"line":62,"column":50}},"49":{"start":{"line":63,"column":8},"end":{"line":63,"column":19}},"50":{"start":{"line":64,"column":8},"end":{"line":66,"column":null}},"51":{"start":{"line":65,"column":12},"end":{"line":65,"column":44}},"52":{"start":{"line":69,"column":4},"end":{"line":73,"column":null}},"53":{"start":{"line":70,"column":8},"end":{"line":70,"column":43}},"54":{"start":{"line":70,"column":23},"end":{"line":70,"column":38}},"55":{"start":{"line":71,"column":8},"end":{"line":71,"column":70}},"56":{"start":{"line":72,"column":8},"end":{"line":72,"column":44}},"57":{"start":{"line":74,"column":4},"end":{"line":86,"column":null}},"58":{"start":{"line":75,"column":27},"end":{"line":75,"column":40}},"59":{"start":{"line":77,"column":8},"end":{"line":82,"column":null}},"60":{"start":{"line":77,"column":21},"end":{"line":77,"column":22}},"61":{"start":{"line":78,"column":12},"end":{"line":81,"column":null}},"62":{"start":{"line":79,"column":16},"end":{"line":79,"column":64}},"63":{"start":{"line":80,"column":16},"end":{"line":80,"column":23}},"64":{"start":{"line":83,"column":8},"end":{"line":85,"column":null}},"65":{"start":{"line":84,"column":12},"end":{"line":84,"column":43}},"66":{"start":{"line":87,"column":4},"end":{"line":96,"column":null}},"67":{"start":{"line":88,"column":8},"end":{"line":93,"column":null}},"68":{"start":{"line":89,"column":12},"end":{"line":89,"column":43}},"69":{"start":{"line":92,"column":12},"end":{"line":92,"column":35}},"70":{"start":{"line":94,"column":8},"end":{"line":94,"column":35}},"71":{"start":{"line":95,"column":8},"end":{"line":95,"column":33}},"72":{"start":{"line":98,"column":4},"end":{"line":104,"column":null}},"73":{"start":{"line":99,"column":24},"end":{"line":99,"column":47}},"74":{"start":{"line":100,"column":8},"end":{"line":102,"column":null}},"75":{"start":{"line":101,"column":12},"end":{"line":101,"column":46}},"76":{"start":{"line":106,"column":4},"end":{"line":114,"column":null}},"77":{"start":{"line":107,"column":8},"end":{"line":113,"column":null}},"78":{"start":{"line":108,"column":32},"end":{"line":108,"column":62}},"79":{"start":{"line":109,"column":12},"end":{"line":109,"column":59}},"80":{"start":{"line":110,"column":12},"end":{"line":110,"column":50}},"81":{"start":{"line":111,"column":12},"end":{"line":111,"column":50}},"82":{"start":{"line":112,"column":12},"end":{"line":112,"column":54}},"83":{"start":{"line":116,"column":4},"end":{"line":119,"column":null}},"84":{"start":{"line":117,"column":19},"end":{"line":117,"column":82}},"85":{"start":{"line":118,"column":8},"end":{"line":118,"column":42}},"86":{"start":{"line":121,"column":4},"end":{"line":134,"column":6}},"87":{"start":{"line":122,"column":8},"end":{"line":122,"column":25}},"88":{"start":{"line":123,"column":8},"end":{"line":123,"column":21}},"89":{"start":{"line":124,"column":8},"end":{"line":124,"column":17}},"90":{"start":{"line":125,"column":8},"end":{"line":125,"column":37}},"91":{"start":{"line":126,"column":8},"end":{"line":126,"column":42}},"92":{"start":{"line":127,"column":8},"end":{"line":127,"column":43}},"93":{"start":{"line":128,"column":8},"end":{"line":128,"column":47}},"94":{"start":{"line":129,"column":8},"end":{"line":129,"column":49}},"95":{"start":{"line":130,"column":8},"end":{"line":130,"column":31}},"96":{"start":{"line":131,"column":8},"end":{"line":131,"column":36}},"97":{"start":{"line":132,"column":8},"end":{"line":132,"column":28}},"98":{"start":{"line":133,"column":8},"end":{"line":133,"column":67}},"99":{"start":{"line":147,"column":0},"end":{"line":147,"column":null}},"100":{"start":{"line":3,"column":13},"end":{"line":3,"column":21}},"101":{"start":{"line":150,"column":0},"end":{"line":176,"column":null}},"102":{"start":{"line":150,"column":60},"end":{"line":150,"column":100}},"103":{"start":{"line":151,"column":22},"end":{"line":151,"column":60}},"104":{"start":{"line":152,"column":26},"end":{"line":152,"column":68}},"105":{"start":{"line":153,"column":0},"end":{"line":153,"column":38}},"106":{"start":{"line":154,"column":28},"end":{"line":154,"column":72}},"107":{"start":{"line":155,"column":0},"end":{"line":155,"column":39}},"108":{"start":{"line":156,"column":49},"end":{"line":156,"column":117}},"109":{"start":{"line":157,"column":29},"end":{"line":157,"column":67}},"110":{"start":{"line":158,"column":17},"end":{"line":158,"column":50}},"111":{"start":{"line":159,"column":14},"end":{"line":159,"column":37}},"112":{"start":{"line":160,"column":0},"end":{"line":160,"column":21}},"113":{"start":{"line":161,"column":0},"end":{"line":161,"column":22}},"114":{"start":{"line":162,"column":16},"end":{"line":169,"column":2}},"115":{"start":{"line":174,"column":26},"end":{"line":174,"column":65}},"116":{"start":{"line":175,"column":0},"end":{"line":175,"column":58}},"117":{"start":{"line":176,"column":0},"end":{"line":176,"column":109}}},"fnMap":{"0":{"name":"(anonymous_0)","decl":{"start":{"line":3,"column":0},"end":{"line":3,"column":13}},"loc":{"start":{"line":3,"column":0},"end":{"line":147,"column":null}}},"1":{"name":"Ahorcado","decl":{"start":{"line":7,"column":8},"end":{"line":7,"column":20}},"loc":{"start":{"line":7,"column":38},"end":{"line":10,"column":9}}},"2":{"name":"(anonymous_2)","decl":{"start":{"line":136,"column":18},"end":{"line":136,"column":null}},"loc":{"start":{"line":136,"column":18},"end":{"line":146,"column":5}}},"3":{"name":"(anonymous_3)","decl":{"start":{"line":12,"column":5},"end":{"line":12,"column":18}},"loc":{"start":{"line":12,"column":36},"end":{"line":29,"column":5}}},"4":{"name":"(anonymous_4)","decl":{"start":{"line":30,"column":4},"end":{"line":30,"column":17}},"loc":{"start":{"line":30,"column":31},"end":{"line":46,"column":5}}},"5":{"name":"(anonymous_5)","decl":{"start":{"line":47,"column":4},"end":{"line":47,"column":18}},"loc":{"start":{"line":47,"column":4},"end":{"line":49,"column":5}}},"6":{"name":"(anonymous_6)","decl":{"start":{"line":51,"column":4},"end":{"line":51,"column":13}},"loc":{"start":{"line":51,"column":27},"end":{"line":55,"column":5}}},"7":{"name":"(anonymous_7)","decl":{"start":{"line":56,"column":4},"end":{"line":56,"column":15}},"loc":{"start":{"line":56,"column":30},"end":{"line":59,"column":5}}},"8":{"name":"(anonymous_8)","decl":{"start":{"line":61,"column":4},"end":{"line":61,"column":15}},"loc":{"start":{"line":61,"column":4},"end":{"line":68,"column":5}}},"9":{"name":"(anonymous_9)","decl":{"start":{"line":69,"column":4},"end":{"line":69,"column":11}},"loc":{"start":{"line":69,"column":26},"end":{"line":73,"column":5}}},"10":{"name":"(anonymous_10)","decl":{"start":{"line":70,"column":19},"end":{"line":70,"column":23}},"loc":{"start":{"line":70,"column":19},"end":{"line":70,"column":28}}},"11":{"name":"(anonymous_11)","decl":{"start":{"line":74,"column":4},"end":{"line":74,"column":17}},"loc":{"start":{"line":74,"column":31},"end":{"line":86,"column":13}}},"12":{"name":"(anonymous_12)","decl":{"start":{"line":87,"column":4},"end":{"line":87,"column":15}},"loc":{"start":{"line":87,"column":29},"end":{"line":96,"column":5}}},"13":{"name":"(anonymous_13)","decl":{"start":{"line":98,"column":4},"end":{"line":98,"column":15}},"loc":{"start":{"line":98,"column":25},"end":{"line":104,"column":5}}},"14":{"name":"(anonymous_14)","decl":{"start":{"line":106,"column":4},"end":{"line":106,"column":12}},"loc":{"start":{"line":106,"column":4},"end":{"line":114,"column":5}}},"15":{"name":"(anonymous_15)","decl":{"start":{"line":107,"column":33},"end":{"line":107,"column":43}},"loc":{"start":{"line":107,"column":56},"end":{"line":113,"column":9}}},"16":{"name":"(anonymous_16)","decl":{"start":{"line":116,"column":4},"end":{"line":116,"column":20}},"loc":{"start":{"line":116,"column":4},"end":{"line":119,"column":5}}},"17":{"name":"(anonymous_17)","decl":{"start":{"line":121,"column":4},"end":{"line":121,"column":13}},"loc":{"start":{"line":121,"column":4},"end":{"line":134,"column":5}}}},"branchMap":{"0":{"loc":{"start":{"line":13,"column":8},"end":{"line":28,"column":null}},"type":"if","locations":[{"start":{"line":13,"column":8},"end":{"line":28,"column":null}}]},"1":{"loc":{"start":{"line":14,"column":12},"end":{"line":18,"column":null}},"type":"if","locations":[{"start":{"line":14,"column":12},"end":{"line":18,"column":null}}]},"2":{"loc":{"start":{"line":15,"column":16},"end":{"line":15,"column":86}},"type":"cond-expr","locations":[{"start":{"line":15,"column":50},"end":{"line":15,"column":81}},{"start":{"line":15,"column":82},"end":{"line":15,"column":86}}]},"3":{"loc":{"start":{"line":20,"column":16},"end":{"line":24,"column":null}},"type":"if","locations":[{"start":{"line":20,"column":16},"end":{"line":24,"column":null}}]},"4":{"loc":{"start":{"line":21,"column":20},"end":{"line":21,"column":90}},"type":"cond-expr","locations":[{"start":{"line":21,"column":54},"end":{"line":21,"column":85}},{"start":{"line":21,"column":86},"end":{"line":21,"column":90}}]},"5":{"loc":{"start":{"line":26,"column":14},"end":{"line":26,"column":83}},"type":"cond-expr","locations":[{"start":{"line":26,"column":48},"end":{"line":26,"column":78}},{"start":{"line":26,"column":79},"end":{"line":26,"column":83}}]},"6":{"loc":{"start":{"line":32,"column":8},"end":{"line":42,"column":36}},"type":"if","locations":[{"start":{"line":32,"column":8},"end":{"line":42,"column":36}},{"start":{"line":42,"column":14},"end":{"line":42,"column":36}}]},"7":{"loc":{"start":{"line":33,"column":12},"end":{"line":40,"column":null}},"type":"if","locations":[{"start":{"line":33,"column":12},"end":{"line":40,"column":null}},{"start":{"line":37,"column":17},"end":{"line":40,"column":null}}]},"8":{"loc":{"start":{"line":34,"column":14},"end":{"line":34,"column":83}},"type":"cond-expr","locations":[{"start":{"line":34,"column":48},"end":{"line":34,"column":78}},{"start":{"line":34,"column":79},"end":{"line":34,"column":83}}]},"9":{"loc":{"start":{"line":38,"column":16},"end":{"line":38,"column":77}},"type":"cond-expr","locations":[{"start":{"line":38,"column":50},"end":{"line":38,"column":72}},{"start":{"line":38,"column":73},"end":{"line":38,"column":77}}]},"10":{"loc":{"start":{"line":43,"column":8},"end":{"line":43,"column":73}},"type":"cond-expr","locations":[{"start":{"line":43,"column":42},"end":{"line":43,"column":68}},{"start":{"line":43,"column":69},"end":{"line":43,"column":73}}]},"11":{"loc":{"start":{"line":44,"column":8},"end":{"line":44,"column":70}},"type":"cond-expr","locations":[{"start":{"line":44,"column":41},"end":{"line":44,"column":65}},{"start":{"line":44,"column":66},"end":{"line":44,"column":70}}]},"12":{"loc":{"start":{"line":54,"column":8},"end":{"line":54,"column":54}},"type":"cond-expr","locations":[{"start":{"line":54,"column":26},"end":{"line":54,"column":28}},{"start":{"line":54,"column":8},"end":{"line":54,"column":54}}]},"13":{"loc":{"start":{"line":54,"column":8},"end":{"line":54,"column":28}},"type":"binary-expr","locations":[{"start":{"line":54,"column":8},"end":{"line":54,"column":28}},{"start":{"line":54,"column":8},"end":{"line":54,"column":28}}]},"14":{"loc":{"start":{"line":64,"column":8},"end":{"line":66,"column":null}},"type":"if","locations":[{"start":{"line":64,"column":8},"end":{"line":66,"column":null}}]},"15":{"loc":{"start":{"line":78,"column":12},"end":{"line":81,"column":null}},"type":"if","locations":[{"start":{"line":78,"column":12},"end":{"line":81,"column":null}}]},"16":{"loc":{"start":{"line":83,"column":8},"end":{"line":85,"column":null}},"type":"if","locations":[{"start":{"line":83,"column":8},"end":{"line":85,"column":null}}]},"17":{"loc":{"start":{"line":88,"column":8},"end":{"line":93,"column":null}},"type":"if","locations":[{"start":{"line":88,"column":8},"end":{"line":93,"column":null}},{"start":{"line":91,"column":13},"end":{"line":93,"column":null}}]},"18":{"loc":{"start":{"line":100,"column":8},"end":{"line":102,"column":null}},"type":"if","locations":[{"start":{"line":100,"column":8},"end":{"line":102,"column":null}}]},"19":{"loc":{"start":{"line":100,"column":12},"end":{"line":100,"column":76}},"type":"binary-expr","locations":[{"start":{"line":100,"column":12},"end":{"line":100,"column":40}},{"start":{"line":100,"column":44},"end":{"line":100,"column":76}}]},"20":{"loc":{"start":{"line":112,"column":12},"end":{"line":112,"column":53}},"type":"cond-expr","locations":[{"start":{"line":112,"column":25},"end":{"line":112,"column":27}},{"start":{"line":112,"column":12},"end":{"line":112,"column":53}}]},"21":{"loc":{"start":{"line":112,"column":12},"end":{"line":112,"column":27}},"type":"binary-expr","locations":[{"start":{"line":112,"column":12},"end":{"line":112,"column":27}},{"start":{"line":112,"column":12},"end":{"line":112,"column":27}}]},"22":{"loc":{"start":{"line":150,"column":0},"end":{"line":176,"column":null}},"type":"if","locations":[{"start":{"line":150,"column":0},"end":{"line":176,"column":null}}]},"23":{"loc":{"start":{"line":156,"column":49},"end":{"line":156,"column":117}},"type":"cond-expr","locations":[{"start":{"line":156,"column":110},"end":{"line":156,"column":112}},{"start":{"line":156,"column":110},"end":{"line":156,"column":117}}]},"24":{"loc":{"start":{"line":156,"column":49},"end":{"line":156,"column":112}},"type":"binary-expr","locations":[{"start":{"line":156,"column":49},"end":{"line":156,"column":112}},{"start":{"line":156,"column":110},"end":{"line":156,"column":112}}]}},"s":{"0":2,"1":2,"2":4,"3":4,"4":0,"5":0,"6":0,"7":0,"8":0,"9":0,"10":0,"11":0,"12":0,"13":4,"14":2,"15":4,"16":4,"17":0,"18":0,"19":4,"20":4,"21":10,"22":2,"23":2,"24":2,"25":2,"26":2,"27":6,"28":6,"29":4,"30":2,"31":2,"32":2,"33":2,"34":2,"35":6,"36":6,"37":6,"38":2,"39":2,"40":2,"41":0,"42":0,"43":0,"44":2,"45":0,"46":0,"47":2,"48":0,"49":0,"50":0,"51":0,"52":2,"53":0,"54":0,"55":0,"56":0,"57":2,"58":0,"59":0,"60":0,"61":0,"62":0,"63":0,"64":0,"65":0,"66":2,"67":0,"68":0,"69":0,"70":0,"71":0,"72":2,"73":0,"74":0,"75":0,"76":2,"77":0,"78":0,"79":0,"80":0,"81":0,"82":0,"83":2,"84":0,"85":0,"86":2,"87":0,"88":0,"89":0,"90":0,"91":0,"92":0,"93":0,"94":0,"95":0,"96":0,"97":0,"98":0,"99":2,"100":2,"101":2,"102":0,"103":0,"104":0,"105":0,"106":0,"107":0,"108":0,"109":0,"110":0,"111":0,"112":0,"113":0,"114":0,"115":0,"116":0,"117":0},"f":{"0":2,"1":4,"2":0,"3":4,"4":6,"5":2,"6":0,"7":0,"8":0,"9":0,"10":0,"11":0,"12":0,"13":0,"14":0,"15":0,"16":0,"17":0},"b":{"0":[4],"1":[0],"2":[0,0],"3":[2],"4":[0,2],"5":[0,2],"6":[4,2],"7":[2,2],"8":[0,2],"9":[0,2],"10":[0,6],"11":[0,6],"12":[0,0],"13":[0,0],"14":[0],"15":[0],"16":[0],"17":[0,0],"18":[0],"19":[0,0],"20":[0,0],"21":[0,0],"22":[0],"23":[0,0],"24":[0,0]}}
}
