{"C:\\Users\\Usuario\\OneDrive\\Escritorio\\juego-ahoracado_V2\\src\\arriesgarPalabra.ts": {"path":"C:\\Users\\Usuario\\OneDrive\\Escritorio\\juego-ahoracado_V2\\src\\arriesgarPalabra.ts","statementMap":{"0":{"start":{"line":2,"column":12},"end":{"line":2,"column":220}},"1":{"start":{"line":3,"column":0},"end":{"line":3,"column":13}},"2":{"start":{"line":4,"column":8},"end":{"line":4,"column":18}},"3":{"start":{"line":130,"column":4},"end":{"line":140,"column":null}},"4":{"start":{"line":131,"column":8},"end":{"line":131,"column":33}},"5":{"start":{"line":132,"column":8},"end":{"line":132,"column":33}},"6":{"start":{"line":133,"column":8},"end":{"line":133,"column":27}},"7":{"start":{"line":134,"column":8},"end":{"line":134,"column":60}},"8":{"start":{"line":135,"column":8},"end":{"line":135,"column":35}},"9":{"start":{"line":136,"column":8},"end":{"line":136,"column":34}},"10":{"start":{"line":137,"column":8},"end":{"line":137,"column":34}},"11":{"start":{"line":138,"column":8},"end":{"line":138,"column":34}},"12":{"start":{"line":139,"column":8},"end":{"line":139,"column":34}},"13":{"start":{"line":8,"column":12},"end":{"line":8,"column":35}},"14":{"start":{"line":12,"column":5},"end":{"line":25,"column":null}},"15":{"start":{"line":14,"column":8},"end":{"line":24,"column":null}},"16":{"start":{"line":15,"column":12},"end":{"line":17,"column":null}},"17":{"start":{"line":16,"column":16},"end":{"line":16,"column":29}},"18":{"start":{"line":18,"column":14},"end":{"line":22,"column":null}},"19":{"start":{"line":18,"column":27},"end":{"line":18,"column":28}},"20":{"start":{"line":19,"column":16},"end":{"line":21,"column":null}},"21":{"start":{"line":20,"column":18},"end":{"line":20,"column":31}},"22":{"start":{"line":23,"column":15},"end":{"line":23,"column":27}},"23":{"start":{"line":26,"column":4},"end":{"line":42,"column":null}},"24":{"start":{"line":27,"column":22},"end":{"line":27,"column":27}},"25":{"start":{"line":28,"column":8},"end":{"line":38,"column":36}},"26":{"start":{"line":29,"column":12},"end":{"line":36,"column":null}},"27":{"start":{"line":30,"column":14},"end":{"line":30,"column":80}},"28":{"start":{"line":31,"column":16},"end":{"line":31,"column":33}},"29":{"start":{"line":34,"column":16},"end":{"line":34,"column":74}},"30":{"start":{"line":35,"column":16},"end":{"line":35,"column":34}},"31":{"start":{"line":38,"column":14},"end":{"line":38,"column":36}},"32":{"start":{"line":39,"column":8},"end":{"line":39,"column":70}},"33":{"start":{"line":40,"column":8},"end":{"line":40,"column":71}},"34":{"start":{"line":41,"column":8},"end":{"line":41,"column":25}},"35":{"start":{"line":43,"column":4},"end":{"line":45,"column":null}},"36":{"start":{"line":44,"column":8},"end":{"line":44,"column":21}},"37":{"start":{"line":47,"column":4},"end":{"line":51,"column":null}},"38":{"start":{"line":48,"column":28},"end":{"line":48,"column":58}},"39":{"start":{"line":49,"column":8},"end":{"line":49,"column":55}},"40":{"start":{"line":50,"column":8},"end":{"line":50,"column":55}},"41":{"start":{"line":52,"column":4},"end":{"line":55,"column":null}},"42":{"start":{"line":53,"column":8},"end":{"line":53,"column":31}},"43":{"start":{"line":54,"column":8},"end":{"line":54,"column":70}},"44":{"start":{"line":57,"column":4},"end":{"line":64,"column":null}},"45":{"start":{"line":58,"column":8},"end":{"line":58,"column":46}},"46":{"start":{"line":59,"column":8},"end":{"line":59,"column":19}},"47":{"start":{"line":60,"column":8},"end":{"line":62,"column":null}},"48":{"start":{"line":61,"column":12},"end":{"line":61,"column":27}},"49":{"start":{"line":62,"column":12},"end":{"line":62,"column":53}},"50":{"start":{"line":62,"column":27},"end":{"line":62,"column":48}},"51":{"start":{"line":65,"column":4},"end":{"line":68,"column":null}},"52":{"start":{"line":66,"column":8},"end":{"line":66,"column":66}},"53":{"start":{"line":67,"column":8},"end":{"line":67,"column":44}},"54":{"start":{"line":69,"column":4},"end":{"line":81,"column":null}},"55":{"start":{"line":70,"column":27},"end":{"line":70,"column":40}},"56":{"start":{"line":72,"column":8},"end":{"line":77,"column":null}},"57":{"start":{"line":72,"column":21},"end":{"line":72,"column":22}},"58":{"start":{"line":73,"column":12},"end":{"line":76,"column":null}},"59":{"start":{"line":74,"column":16},"end":{"line":74,"column":64}},"60":{"start":{"line":75,"column":16},"end":{"line":75,"column":23}},"61":{"start":{"line":78,"column":8},"end":{"line":80,"column":null}},"62":{"start":{"line":79,"column":12},"end":{"line":79,"column":27}},"63":{"start":{"line":80,"column":12},"end":{"line":80,"column":52}},"64":{"start":{"line":80,"column":27},"end":{"line":80,"column":47}},"65":{"start":{"line":82,"column":4},"end":{"line":91,"column":null}},"66":{"start":{"line":83,"column":8},"end":{"line":88,"column":null}},"67":{"start":{"line":84,"column":12},"end":{"line":84,"column":39}},"68":{"start":{"line":87,"column":12},"end":{"line":87,"column":31}},"69":{"start":{"line":89,"column":8},"end":{"line":89,"column":31}},"70":{"start":{"line":90,"column":8},"end":{"line":90,"column":33}},"71":{"start":{"line":93,"column":4},"end":{"line":99,"column":null}},"72":{"start":{"line":94,"column":24},"end":{"line":94,"column":47}},"73":{"start":{"line":95,"column":8},"end":{"line":97,"column":null}},"74":{"start":{"line":96,"column":12},"end":{"line":96,"column":42}},"75":{"start":{"line":101,"column":4},"end":{"line":109,"column":null}},"76":{"start":{"line":102,"column":8},"end":{"line":108,"column":null}},"77":{"start":{"line":103,"column":32},"end":{"line":103,"column":62}},"78":{"start":{"line":104,"column":12},"end":{"line":104,"column":59}},"79":{"start":{"line":105,"column":12},"end":{"line":105,"column":50}},"80":{"start":{"line":106,"column":12},"end":{"line":106,"column":50}},"81":{"start":{"line":107,"column":12},"end":{"line":107,"column":54}},"82":{"start":{"line":111,"column":4},"end":{"line":114,"column":null}},"83":{"start":{"line":112,"column":19},"end":{"line":112,"column":82}},"84":{"start":{"line":113,"column":8},"end":{"line":113,"column":38}},"85":{"start":{"line":116,"column":4},"end":{"line":128,"column":6}},"86":{"start":{"line":117,"column":8},"end":{"line":117,"column":25}},"87":{"start":{"line":118,"column":8},"end":{"line":118,"column":21}},"88":{"start":{"line":119,"column":8},"end":{"line":119,"column":17}},"89":{"start":{"line":120,"column":8},"end":{"line":120,"column":37}},"90":{"start":{"line":121,"column":8},"end":{"line":121,"column":42}},"91":{"start":{"line":122,"column":8},"end":{"line":122,"column":43}},"92":{"start":{"line":123,"column":8},"end":{"line":123,"column":47}},"93":{"start":{"line":124,"column":8},"end":{"line":124,"column":27}},"94":{"start":{"line":125,"column":8},"end":{"line":125,"column":32}},"95":{"start":{"line":126,"column":8},"end":{"line":126,"column":24}},"96":{"start":{"line":127,"column":8},"end":{"line":127,"column":63}},"97":{"start":{"line":141,"column":0},"end":{"line":141,"column":null}},"98":{"start":{"line":3,"column":13},"end":{"line":3,"column":21}},"99":{"start":{"line":144,"column":0},"end":{"line":166,"column":null}},"100":{"start":{"line":144,"column":60},"end":{"line":144,"column":100}},"101":{"start":{"line":145,"column":22},"end":{"line":145,"column":60}},"102":{"start":{"line":146,"column":26},"end":{"line":146,"column":68}},"103":{"start":{"line":147,"column":0},"end":{"line":147,"column":38}},"104":{"start":{"line":148,"column":29},"end":{"line":148,"column":67}},"105":{"start":{"line":149,"column":17},"end":{"line":149,"column":50}},"106":{"start":{"line":150,"column":14},"end":{"line":150,"column":37}},"107":{"start":{"line":151,"column":0},"end":{"line":151,"column":21}},"108":{"start":{"line":152,"column":0},"end":{"line":152,"column":22}},"109":{"start":{"line":153,"column":16},"end":{"line":160,"column":2}},"110":{"start":{"line":165,"column":26},"end":{"line":165,"column":65}},"111":{"start":{"line":166,"column":0},"end":{"line":166,"column":58}}},"fnMap":{"0":{"name":"(anonymous_0)","decl":{"start":{"line":3,"column":0},"end":{"line":3,"column":13}},"loc":{"start":{"line":3,"column":0},"end":{"line":141,"column":null}}},"1":{"name":"Ahorcado","decl":{"start":{"line":7,"column":8},"end":{"line":7,"column":20}},"loc":{"start":{"line":7,"column":38},"end":{"line":10,"column":9}}},"2":{"name":"(anonymous_2)","decl":{"start":{"line":130,"column":18},"end":{"line":130,"column":null}},"loc":{"start":{"line":130,"column":18},"end":{"line":140,"column":5}}},"3":{"name":"(anonymous_3)","decl":{"start":{"line":12,"column":5},"end":{"line":12,"column":18}},"loc":{"start":{"line":12,"column":36},"end":{"line":25,"column":5}}},"4":{"name":"(anonymous_4)","decl":{"start":{"line":26,"column":4},"end":{"line":26,"column":17}},"loc":{"start":{"line":26,"column":31},"end":{"line":42,"column":5}}},"5":{"name":"(anonymous_5)","decl":{"start":{"line":43,"column":4},"end":{"line":43,"column":18}},"loc":{"start":{"line":43,"column":4},"end":{"line":45,"column":5}}},"6":{"name":"(anonymous_6)","decl":{"start":{"line":47,"column":4},"end":{"line":47,"column":13}},"loc":{"start":{"line":47,"column":27},"end":{"line":51,"column":5}}},"7":{"name":"(anonymous_7)","decl":{"start":{"line":52,"column":4},"end":{"line":52,"column":15}},"loc":{"start":{"line":52,"column":30},"end":{"line":55,"column":5}}},"8":{"name":"(anonymous_8)","decl":{"start":{"line":57,"column":4},"end":{"line":57,"column":15}},"loc":{"start":{"line":57,"column":4},"end":{"line":64,"column":5}}},"9":{"name":"(anonymous_9)","decl":{"start":{"line":62,"column":23},"end":{"line":62,"column":27}},"loc":{"start":{"line":62,"column":23},"end":{"line":62,"column":32}}},"10":{"name":"(anonymous_10)","decl":{"start":{"line":65,"column":4},"end":{"line":65,"column":11}},"loc":{"start":{"line":65,"column":4},"end":{"line":68,"column":5}}},"11":{"name":"(anonymous_11)","decl":{"start":{"line":69,"column":4},"end":{"line":69,"column":17}},"loc":{"start":{"line":69,"column":31},"end":{"line":81,"column":5}}},"12":{"name":"(anonymous_12)","decl":{"start":{"line":80,"column":23},"end":{"line":80,"column":27}},"loc":{"start":{"line":80,"column":23},"end":{"line":80,"column":32}}},"13":{"name":"(anonymous_13)","decl":{"start":{"line":82,"column":4},"end":{"line":82,"column":15}},"loc":{"start":{"line":82,"column":29},"end":{"line":91,"column":5}}},"14":{"name":"(anonymous_14)","decl":{"start":{"line":93,"column":4},"end":{"line":93,"column":15}},"loc":{"start":{"line":93,"column":25},"end":{"line":99,"column":5}}},"15":{"name":"(anonymous_15)","decl":{"start":{"line":101,"column":4},"end":{"line":101,"column":12}},"loc":{"start":{"line":101,"column":4},"end":{"line":109,"column":5}}},"16":{"name":"(anonymous_16)","decl":{"start":{"line":102,"column":29},"end":{"line":102,"column":39}},"loc":{"start":{"line":102,"column":45},"end":{"line":108,"column":9}}},"17":{"name":"(anonymous_17)","decl":{"start":{"line":111,"column":4},"end":{"line":111,"column":20}},"loc":{"start":{"line":111,"column":4},"end":{"line":114,"column":5}}},"18":{"name":"(anonymous_18)","decl":{"start":{"line":116,"column":4},"end":{"line":116,"column":13}},"loc":{"start":{"line":116,"column":4},"end":{"line":128,"column":5}}}},"branchMap":{"0":{"loc":{"start":{"line":14,"column":8},"end":{"line":24,"column":null}},"type":"if","locations":[{"start":{"line":14,"column":8},"end":{"line":24,"column":null}}]},"1":{"loc":{"start":{"line":15,"column":12},"end":{"line":17,"column":null}},"type":"if","locations":[{"start":{"line":15,"column":12},"end":{"line":17,"column":null}}]},"2":{"loc":{"start":{"line":19,"column":16},"end":{"line":21,"column":null}},"type":"if","locations":[{"start":{"line":19,"column":16},"end":{"line":21,"column":null}}]},"3":{"loc":{"start":{"line":28,"column":8},"end":{"line":38,"column":36}},"type":"if","locations":[{"start":{"line":28,"column":8},"end":{"line":38,"column":36}},{"start":{"line":38,"column":14},"end":{"line":38,"column":36}}]},"4":{"loc":{"start":{"line":29,"column":12},"end":{"line":36,"column":null}},"type":"if","locations":[{"start":{"line":29,"column":12},"end":{"line":36,"column":null}},{"start":{"line":33,"column":17},"end":{"line":36,"column":null}}]},"5":{"loc":{"start":{"line":30,"column":14},"end":{"line":30,"column":79}},"type":"cond-expr","locations":[{"start":{"line":30,"column":48},"end":{"line":30,"column":74}},{"start":{"line":30,"column":75},"end":{"line":30,"column":79}}]},"6":{"loc":{"start":{"line":34,"column":16},"end":{"line":34,"column":73}},"type":"cond-expr","locations":[{"start":{"line":34,"column":50},"end":{"line":34,"column":68}},{"start":{"line":34,"column":69},"end":{"line":34,"column":73}}]},"7":{"loc":{"start":{"line":39,"column":8},"end":{"line":39,"column":69}},"type":"cond-expr","locations":[{"start":{"line":39,"column":42},"end":{"line":39,"column":64}},{"start":{"line":39,"column":65},"end":{"line":39,"column":69}}]},"8":{"loc":{"start":{"line":40,"column":8},"end":{"line":40,"column":70}},"type":"cond-expr","locations":[{"start":{"line":40,"column":41},"end":{"line":40,"column":65}},{"start":{"line":40,"column":66},"end":{"line":40,"column":70}}]},"9":{"loc":{"start":{"line":50,"column":8},"end":{"line":50,"column":54}},"type":"cond-expr","locations":[{"start":{"line":50,"column":26},"end":{"line":50,"column":28}},{"start":{"line":50,"column":8},"end":{"line":50,"column":54}}]},"10":{"loc":{"start":{"line":50,"column":8},"end":{"line":50,"column":28}},"type":"binary-expr","locations":[{"start":{"line":50,"column":8},"end":{"line":50,"column":28}},{"start":{"line":50,"column":8},"end":{"line":50,"column":28}}]},"11":{"loc":{"start":{"line":60,"column":8},"end":{"line":62,"column":null}},"type":"if","locations":[{"start":{"line":60,"column":8},"end":{"line":62,"column":null}}]},"12":{"loc":{"start":{"line":73,"column":12},"end":{"line":76,"column":null}},"type":"if","locations":[{"start":{"line":73,"column":12},"end":{"line":76,"column":null}}]},"13":{"loc":{"start":{"line":78,"column":8},"end":{"line":80,"column":null}},"type":"if","locations":[{"start":{"line":78,"column":8},"end":{"line":80,"column":null}}]},"14":{"loc":{"start":{"line":83,"column":8},"end":{"line":88,"column":null}},"type":"if","locations":[{"start":{"line":83,"column":8},"end":{"line":88,"column":null}},{"start":{"line":86,"column":13},"end":{"line":88,"column":null}}]},"15":{"loc":{"start":{"line":95,"column":8},"end":{"line":97,"column":null}},"type":"if","locations":[{"start":{"line":95,"column":8},"end":{"line":97,"column":null}}]},"16":{"loc":{"start":{"line":95,"column":12},"end":{"line":95,"column":76}},"type":"binary-expr","locations":[{"start":{"line":95,"column":12},"end":{"line":95,"column":40}},{"start":{"line":95,"column":44},"end":{"line":95,"column":76}}]},"17":{"loc":{"start":{"line":107,"column":12},"end":{"line":107,"column":53}},"type":"cond-expr","locations":[{"start":{"line":107,"column":25},"end":{"line":107,"column":27}},{"start":{"line":107,"column":12},"end":{"line":107,"column":53}}]},"18":{"loc":{"start":{"line":107,"column":12},"end":{"line":107,"column":27}},"type":"binary-expr","locations":[{"start":{"line":107,"column":12},"end":{"line":107,"column":27}},{"start":{"line":107,"column":12},"end":{"line":107,"column":27}}]},"19":{"loc":{"start":{"line":144,"column":0},"end":{"line":166,"column":null}},"type":"if","locations":[{"start":{"line":144,"column":0},"end":{"line":166,"column":null}}]}},"s":{"0":2,"1":2,"2":4,"3":4,"4":0,"5":0,"6":0,"7":0,"8":0,"9":0,"10":0,"11":0,"12":0,"13":4,"14":2,"15":4,"16":4,"17":0,"18":4,"19":4,"20":10,"21":2,"22":2,"23":2,"24":6,"25":6,"26":4,"27":2,"28":2,"29":2,"30":2,"31":2,"32":6,"33":6,"34":6,"35":2,"36":2,"37":2,"38":0,"39":0,"40":0,"41":2,"42":0,"43":0,"44":2,"45":0,"46":0,"47":0,"48":0,"49":0,"50":0,"51":2,"52":0,"53":0,"54":2,"55":0,"56":0,"57":0,"58":0,"59":0,"60":0,"61":0,"62":0,"63":0,"64":0,"65":2,"66":0,"67":0,"68":0,"69":0,"70":0,"71":2,"72":0,"73":0,"74":0,"75":2,"76":0,"77":0,"78":0,"79":0,"80":0,"81":0,"82":2,"83":0,"84":0,"85":2,"86":0,"87":0,"88":0,"89":0,"90":0,"91":0,"92":0,"93":0,"94":0,"95":0,"96":0,"97":2,"98":2,"99":2,"100":0,"101":0,"102":0,"103":0,"104":0,"105":0,"106":0,"107":0,"108":0,"109":0,"110":0,"111":0},"f":{"0":2,"1":4,"2":0,"3":4,"4":6,"5":2,"6":0,"7":0,"8":0,"9":0,"10":0,"11":0,"12":0,"13":0,"14":0,"15":0,"16":0,"17":0,"18":0},"b":{"0":[4],"1":[0],"2":[2],"3":[4,2],"4":[2,2],"5":[0,2],"6":[0,2],"7":[0,6],"8":[0,6],"9":[0,0],"10":[0,0],"11":[0],"12":[0],"13":[0],"14":[0,0],"15":[0],"16":[0,0],"17":[0,0],"18":[0,0],"19":[0]}}
}
