TN:
SF:src\arriesgarPalabra.ts
FN:2,(anonymous_0)
FN:6,Ahorcado
FN:151,(anonymous_2)
FN:10,(anonymous_3)
FN:17,(anonymous_4)
FN:20,(anonymous_5)
FN:38,(anonymous_6)
FN:55,(anonymous_7)
FN:59,(anonymous_8)
FN:64,(anonymous_9)
FN:69,(anonymous_10)
FN:77,(anonymous_11)
FN:78,(anonymous_12)
FN:85,(anonymous_13)
FN:98,(anonymous_14)
FN:109,(anonymous_15)
FN:117,(anonymous_16)
FN:118,(anonymous_17)
FN:127,(anonymous_18)
FN:132,(anonymous_19)
FNF:20
FNH:5
FNDA:2,(anonymous_0)
FNDA:4,Ahorcado
FNDA:0,(anonymous_2)
FNDA:0,(anonymous_3)
FNDA:0,(anonymous_4)
FNDA:4,(anonymous_5)
FNDA:6,(anonymous_6)
FNDA:2,(anonymous_7)
FNDA:0,(anonymous_8)
FNDA:0,(anonymous_9)
FNDA:0,(anonymous_10)
FNDA:0,(anonymous_11)
FNDA:0,(anonymous_12)
FNDA:0,(anonymous_13)
FNDA:0,(anonymous_14)
FNDA:0,(anonymous_15)
FNDA:0,(anonymous_16)
FNDA:0,(anonymous_17)
FNDA:0,(anonymous_18)
FNDA:0,(anonymous_19)
DA:1,2
DA:2,2
DA:3,4
DA:7,4
DA:10,2
DA:11,0
DA:12,0
DA:13,0
DA:14,0
DA:15,0
DA:17,2
DA:18,0
DA:20,2
DA:21,4
DA:22,4
DA:23,0
DA:25,0
DA:27,4
DA:28,10
DA:29,2
DA:31,2
DA:34,2
DA:35,2
DA:38,2
DA:39,6
DA:40,6
DA:41,4
DA:42,2
DA:43,2
DA:46,2
DA:47,2
DA:50,2
DA:51,6
DA:52,6
DA:53,6
DA:55,2
DA:56,2
DA:59,2
DA:60,0
DA:61,0
DA:62,0
DA:64,2
DA:65,0
DA:66,0
DA:69,2
DA:70,0
DA:71,0
DA:72,0
DA:73,0
DA:77,2
DA:78,0
DA:79,0
DA:80,0
DA:81,0
DA:82,0
DA:83,0
DA:85,2
DA:86,0
DA:88,0
DA:89,0
DA:90,0
DA:91,0
DA:94,0
DA:95,0
DA:98,2
DA:99,0
DA:100,0
DA:103,0
DA:105,0
DA:106,0
DA:109,2
DA:110,0
DA:111,0
DA:112,0
DA:117,2
DA:118,0
DA:119,0
DA:120,0
DA:121,0
DA:122,0
DA:123,0
DA:127,2
DA:128,0
DA:129,0
DA:132,2
DA:133,0
DA:134,0
DA:135,0
DA:136,0
DA:137,0
DA:138,0
DA:139,0
DA:140,0
DA:141,0
DA:142,0
DA:143,0
DA:144,0
DA:145,0
DA:146,0
DA:147,0
DA:151,4
DA:152,0
DA:153,0
DA:154,0
DA:155,0
DA:156,0
DA:157,0
DA:158,0
DA:159,0
DA:160,0
DA:162,2
DA:165,2
DA:166,0
DA:167,0
DA:168,0
DA:169,0
DA:170,0
DA:171,0
DA:172,0
DA:173,0
DA:174,0
DA:175,0
DA:176,0
DA:177,0
DA:178,0
DA:189,0
DA:190,0
LF:127
LH:42
BRDA:21,0,0,4
BRDA:22,1,0,0
BRDA:23,2,0,0
BRDA:23,2,1,0
BRDA:28,3,0,2
BRDA:29,4,0,0
BRDA:29,4,1,2
BRDA:34,5,0,0
BRDA:34,5,1,2
BRDA:40,6,0,4
BRDA:40,6,1,2
BRDA:41,7,0,2
BRDA:41,7,1,2
BRDA:42,8,0,0
BRDA:42,8,1,2
BRDA:46,9,0,0
BRDA:46,9,1,2
BRDA:51,10,0,0
BRDA:51,10,1,6
BRDA:52,11,0,0
BRDA:52,11,1,6
BRDA:62,12,0,0
BRDA:62,12,1,0
BRDA:62,13,0,0
BRDA:62,13,1,0
BRDA:72,14,0,0
BRDA:89,15,0,0
BRDA:94,16,0,0
BRDA:99,17,0,0
BRDA:99,17,1,0
BRDA:111,18,0,0
BRDA:111,19,0,0
BRDA:111,19,1,0
BRDA:123,20,0,0
BRDA:123,20,1,0
BRDA:123,21,0,0
BRDA:123,21,1,0
BRDA:165,22,0,0
BRF:38
BRH:12
end_of_record
