TN:
SF:src\arriesgarPalabra.ts
FN:3,(anonymous_0)
FN:7,Ahorcado
FN:136,(anonymous_2)
FN:12,(anonymous_3)
FN:30,(anonymous_4)
FN:47,(anonymous_5)
FN:51,(anonymous_6)
FN:56,(anonymous_7)
FN:61,(anonymous_8)
FN:69,(anonymous_9)
FN:70,(anonymous_10)
FN:74,(anonymous_11)
FN:87,(anonymous_12)
FN:98,(anonymous_13)
FN:106,(anonymous_14)
FN:107,(anonymous_15)
FN:116,(anonymous_16)
FN:121,(anonymous_17)
FNF:18
FNH:5
FNDA:2,(anonymous_0)
FNDA:4,Ahorcado
FNDA:0,(anonymous_2)
FNDA:4,(anonymous_3)
FNDA:6,(anonymous_4)
FNDA:2,(anonymous_5)
FNDA:0,(anonymous_6)
FNDA:0,(anonymous_7)
FNDA:0,(anonymous_8)
FNDA:0,(anonymous_9)
FNDA:0,(anonymous_10)
FNDA:0,(anonymous_11)
FNDA:0,(anonymous_12)
FNDA:0,(anonymous_13)
FNDA:0,(anonymous_14)
FNDA:0,(anonymous_15)
FNDA:0,(anonymous_16)
FNDA:0,(anonymous_17)
DA:2,2
DA:3,2
DA:4,4
DA:8,4
DA:12,2
DA:13,4
DA:14,4
DA:15,0
DA:17,0
DA:19,4
DA:20,10
DA:21,2
DA:23,2
DA:26,2
DA:27,2
DA:30,2
DA:31,6
DA:32,6
DA:33,4
DA:34,2
DA:35,2
DA:38,2
DA:39,2
DA:42,2
DA:43,6
DA:44,6
DA:45,6
DA:47,2
DA:48,2
DA:51,2
DA:52,0
DA:53,0
DA:54,0
DA:56,2
DA:57,0
DA:58,0
DA:61,2
DA:62,0
DA:63,0
DA:64,0
DA:65,0
DA:69,2
DA:70,0
DA:71,0
DA:72,0
DA:74,2
DA:75,0
DA:77,0
DA:78,0
DA:79,0
DA:80,0
DA:83,0
DA:84,0
DA:87,2
DA:88,0
DA:89,0
DA:92,0
DA:94,0
DA:95,0
DA:98,2
DA:99,0
DA:100,0
DA:101,0
DA:106,2
DA:107,0
DA:108,0
DA:109,0
DA:110,0
DA:111,0
DA:112,0
DA:116,2
DA:117,0
DA:118,0
DA:121,2
DA:122,0
DA:123,0
DA:124,0
DA:125,0
DA:126,0
DA:127,0
DA:128,0
DA:129,0
DA:130,0
DA:131,0
DA:132,0
DA:133,0
DA:136,4
DA:137,0
DA:138,0
DA:139,0
DA:140,0
DA:141,0
DA:142,0
DA:143,0
DA:144,0
DA:145,0
DA:147,2
DA:150,2
DA:151,0
DA:152,0
DA:153,0
DA:154,0
DA:155,0
DA:156,0
DA:157,0
DA:158,0
DA:159,0
DA:160,0
DA:161,0
DA:162,0
DA:174,0
DA:175,0
DA:176,0
LF:113
LH:40
BRDA:13,0,0,4
BRDA:14,1,0,0
BRDA:15,2,0,0
BRDA:15,2,1,0
BRDA:20,3,0,2
BRDA:21,4,0,0
BRDA:21,4,1,2
BRDA:26,5,0,0
BRDA:26,5,1,2
BRDA:32,6,0,4
BRDA:32,6,1,2
BRDA:33,7,0,2
BRDA:33,7,1,2
BRDA:34,8,0,0
BRDA:34,8,1,2
BRDA:38,9,0,0
BRDA:38,9,1,2
BRDA:43,10,0,0
BRDA:43,10,1,6
BRDA:44,11,0,0
BRDA:44,11,1,6
BRDA:54,12,0,0
BRDA:54,12,1,0
BRDA:54,13,0,0
BRDA:54,13,1,0
BRDA:64,14,0,0
BRDA:78,15,0,0
BRDA:83,16,0,0
BRDA:88,17,0,0
BRDA:88,17,1,0
BRDA:100,18,0,0
BRDA:100,19,0,0
BRDA:100,19,1,0
BRDA:112,20,0,0
BRDA:112,20,1,0
BRDA:112,21,0,0
BRDA:112,21,1,0
BRDA:150,22,0,0
BRDA:156,23,0,0
BRDA:156,23,1,0
BRDA:156,24,0,0
BRDA:156,24,1,0
BRF:42
BRH:12
end_of_record
